mode: set
github.com/visionik/vAgenda/api/go/pkg/query/todo_query.go:12.53,14.2 1 1
github.com/visionik/vAgenda/api/go/pkg/query/todo_query.go:17.65,19.31 2 1
github.com/visionik/vAgenda/api/go/pkg/query/todo_query.go:19.31,20.28 1 1
github.com/visionik/vAgenda/api/go/pkg/query/todo_query.go:20.28,22.4 1 1
github.com/visionik/vAgenda/api/go/pkg/query/todo_query.go:24.2,24.36 1 1
github.com/visionik/vAgenda/api/go/pkg/query/todo_query.go:28.58,30.31 2 1
github.com/visionik/vAgenda/api/go/pkg/query/todo_query.go:30.31,31.38 1 1
github.com/visionik/vAgenda/api/go/pkg/query/todo_query.go:31.38,33.4 1 1
github.com/visionik/vAgenda/api/go/pkg/query/todo_query.go:35.2,35.36 1 1
github.com/visionik/vAgenda/api/go/pkg/query/todo_query.go:39.74,41.31 2 1
github.com/visionik/vAgenda/api/go/pkg/query/todo_query.go:41.31,42.22 1 1
github.com/visionik/vAgenda/api/go/pkg/query/todo_query.go:42.22,44.4 1 1
github.com/visionik/vAgenda/api/go/pkg/query/todo_query.go:46.2,46.36 1 1
github.com/visionik/vAgenda/api/go/pkg/query/todo_query.go:50.43,52.2 1 1
github.com/visionik/vAgenda/api/go/pkg/query/todo_query.go:55.44,56.22 1 1
github.com/visionik/vAgenda/api/go/pkg/query/todo_query.go:56.22,58.3 1 1
github.com/visionik/vAgenda/api/go/pkg/query/todo_query.go:59.2,59.12 1 1
github.com/visionik/vAgenda/api/go/pkg/query/todo_query.go:63.33,65.2 1 1
github.com/visionik/vAgenda/api/go/pkg/query/todo_query.go:68.32,70.2 1 1
github.com/visionik/vAgenda/api/go/pkg/query/todo_query.go:73.38,78.2 3 1
github.com/visionik/vAgenda/api/go/pkg/query/todo_query.go:81.31,83.22 2 1
github.com/visionik/vAgenda/api/go/pkg/query/todo_query.go:83.22,84.27 1 1
github.com/visionik/vAgenda/api/go/pkg/query/todo_query.go:84.27,86.4 1 1
github.com/visionik/vAgenda/api/go/pkg/query/todo_query.go:86.9,88.4 1 1
github.com/visionik/vAgenda/api/go/pkg/query/todo_query.go:90.2,90.23 1 1
github.com/visionik/vAgenda/api/go/pkg/query/todo_query.go:94.36,95.22 1 1
github.com/visionik/vAgenda/api/go/pkg/query/todo_query.go:95.22,97.3 1 0
github.com/visionik/vAgenda/api/go/pkg/query/todo_query.go:98.2,98.26 1 1
github.com/visionik/vAgenda/api/go/pkg/query/todo_query.go:98.26,100.3 1 0
github.com/visionik/vAgenda/api/go/pkg/query/todo_query.go:101.2,101.43 1 1
github.com/visionik/vAgenda/api/go/pkg/query/todo_query.go:101.43,102.35 1 1
github.com/visionik/vAgenda/api/go/pkg/query/todo_query.go:102.35,104.4 1 1
github.com/visionik/vAgenda/api/go/pkg/query/todo_query.go:106.2,106.11 1 1
github.com/visionik/vAgenda/api/go/pkg/parser/auto.go:15.29,17.2 1 1
github.com/visionik/vAgenda/api/go/pkg/parser/auto.go:20.65,22.16 2 0
github.com/visionik/vAgenda/api/go/pkg/parser/auto.go:22.16,24.3 1 0
github.com/visionik/vAgenda/api/go/pkg/parser/auto.go:25.2,25.27 1 0
github.com/visionik/vAgenda/api/go/pkg/parser/auto.go:29.70,32.43 2 1
github.com/visionik/vAgenda/api/go/pkg/parser/auto.go:32.43,35.17 3 1
github.com/visionik/vAgenda/api/go/pkg/parser/auto.go:35.17,37.4 1 1
github.com/visionik/vAgenda/api/go/pkg/parser/auto.go:41.2,42.36 2 0
github.com/visionik/vAgenda/api/go/pkg/parser/auto.go:46.68,49.43 2 1
github.com/visionik/vAgenda/api/go/pkg/parser/auto.go:49.43,52.17 3 1
github.com/visionik/vAgenda/api/go/pkg/parser/auto.go:52.17,54.4 1 1
github.com/visionik/vAgenda/api/go/pkg/parser/auto.go:58.2,59.34 2 0
github.com/visionik/vAgenda/api/go/pkg/parser/json.go:14.29,16.2 1 1
github.com/visionik/vAgenda/api/go/pkg/parser/json.go:19.65,22.45 3 1
github.com/visionik/vAgenda/api/go/pkg/parser/json.go:22.45,24.3 1 0
github.com/visionik/vAgenda/api/go/pkg/parser/json.go:25.2,25.18 1 1
github.com/visionik/vAgenda/api/go/pkg/parser/json.go:29.70,31.51 2 1
github.com/visionik/vAgenda/api/go/pkg/parser/json.go:31.51,33.3 1 1
github.com/visionik/vAgenda/api/go/pkg/parser/json.go:34.2,34.18 1 1
github.com/visionik/vAgenda/api/go/pkg/parser/json.go:38.68,40.2 1 1
github.com/visionik/vAgenda/api/go/pkg/parser/parser.go:35.32,36.16 1 1
github.com/visionik/vAgenda/api/go/pkg/parser/parser.go:37.18,38.25 1 1
github.com/visionik/vAgenda/api/go/pkg/parser/parser.go:39.18,40.25 1 1
github.com/visionik/vAgenda/api/go/pkg/parser/parser.go:41.18,42.25 1 1
github.com/visionik/vAgenda/api/go/pkg/parser/parser.go:43.10,44.25 1 1
github.com/visionik/vAgenda/api/go/pkg/parser/tron.go:14.29,16.2 1 1
github.com/visionik/vAgenda/api/go/pkg/parser/tron.go:19.65,21.16 2 0
github.com/visionik/vAgenda/api/go/pkg/parser/tron.go:21.16,23.3 1 0
github.com/visionik/vAgenda/api/go/pkg/parser/tron.go:24.2,24.27 1 0
github.com/visionik/vAgenda/api/go/pkg/parser/tron.go:28.70,30.51 2 0
github.com/visionik/vAgenda/api/go/pkg/parser/tron.go:30.51,32.3 1 0
github.com/visionik/vAgenda/api/go/pkg/parser/tron.go:33.2,33.18 1 0
github.com/visionik/vAgenda/api/go/pkg/parser/tron.go:37.68,39.2 1 0
github.com/visionik/vAgenda/api/go/pkg/core/types.go:48.36,49.11 1 1
github.com/visionik/vAgenda/api/go/pkg/core/types.go:50.88,51.14 1 1
github.com/visionik/vAgenda/api/go/pkg/core/types.go:52.10,53.15 1 1
github.com/visionik/vAgenda/api/go/pkg/core/types.go:84.36,85.11 1 1
github.com/visionik/vAgenda/api/go/pkg/core/types.go:87.66,88.14 1 1
github.com/visionik/vAgenda/api/go/pkg/core/types.go:89.10,90.15 1 1
github.com/visionik/vAgenda/api/go/pkg/core/types.go:117.37,118.11 1 1
github.com/visionik/vAgenda/api/go/pkg/core/types.go:120.44,121.14 1 1
github.com/visionik/vAgenda/api/go/pkg/core/types.go:122.10,123.15 1 1
github.com/visionik/vAgenda/api/go/pkg/builder/plan.go:11.50,24.2 1 1
github.com/visionik/vAgenda/api/go/pkg/builder/plan.go:27.62,30.2 2 1
github.com/visionik/vAgenda/api/go/pkg/builder/plan.go:33.72,36.2 2 1
github.com/visionik/vAgenda/api/go/pkg/builder/plan.go:39.71,42.2 2 1
github.com/visionik/vAgenda/api/go/pkg/builder/plan.go:45.78,51.2 2 1
github.com/visionik/vAgenda/api/go/pkg/builder/plan.go:54.72,56.2 1 1
github.com/visionik/vAgenda/api/go/pkg/builder/plan.go:59.71,61.2 1 1
github.com/visionik/vAgenda/api/go/pkg/builder/plan.go:64.71,66.2 1 1
github.com/visionik/vAgenda/api/go/pkg/builder/plan.go:69.76,71.2 1 1
github.com/visionik/vAgenda/api/go/pkg/builder/plan.go:74.69,76.2 1 1
github.com/visionik/vAgenda/api/go/pkg/builder/plan.go:79.71,81.2 1 1
github.com/visionik/vAgenda/api/go/pkg/builder/plan.go:84.84,91.2 3 1
github.com/visionik/vAgenda/api/go/pkg/builder/plan.go:94.66,96.2 1 1
github.com/visionik/vAgenda/api/go/pkg/builder/plan.go:99.69,101.2 1 1
github.com/visionik/vAgenda/api/go/pkg/builder/plan.go:104.68,106.2 1 1
github.com/visionik/vAgenda/api/go/pkg/builder/plan.go:109.46,111.2 1 1
github.com/visionik/vAgenda/api/go/pkg/builder/todo.go:12.51,23.2 1 1
github.com/visionik/vAgenda/api/go/pkg/builder/todo.go:26.70,29.2 2 1
github.com/visionik/vAgenda/api/go/pkg/builder/todo.go:32.80,35.2 2 1
github.com/visionik/vAgenda/api/go/pkg/builder/todo.go:38.88,39.32 1 1
github.com/visionik/vAgenda/api/go/pkg/builder/todo.go:39.32,41.3 1 1
github.com/visionik/vAgenda/api/go/pkg/builder/todo.go:42.2,43.10 2 1
github.com/visionik/vAgenda/api/go/pkg/builder/todo.go:47.90,54.2 3 1
github.com/visionik/vAgenda/api/go/pkg/builder/todo.go:57.73,59.2 1 1
github.com/visionik/vAgenda/api/go/pkg/builder/todo.go:62.76,64.2 1 1
github.com/visionik/vAgenda/api/go/pkg/builder/todo.go:67.75,69.2 1 1
github.com/visionik/vAgenda/api/go/pkg/builder/todo.go:72.50,74.2 1 1
github.com/visionik/vAgenda/api/go/examples/basic/main.go:15.13,30.16 6 0
github.com/visionik/vAgenda/api/go/examples/basic/main.go:30.16,32.3 1 0
github.com/visionik/vAgenda/api/go/examples/basic/main.go:33.2,39.16 5 0
github.com/visionik/vAgenda/api/go/examples/basic/main.go:39.16,41.3 1 0
github.com/visionik/vAgenda/api/go/examples/basic/main.go:42.2,59.16 7 0
github.com/visionik/vAgenda/api/go/examples/basic/main.go:59.16,61.3 1 0
github.com/visionik/vAgenda/api/go/examples/basic/main.go:62.2,69.16 6 0
github.com/visionik/vAgenda/api/go/examples/basic/main.go:69.16,71.3 1 0
github.com/visionik/vAgenda/api/go/examples/basic/main.go:74.2,78.36 4 0
github.com/visionik/vAgenda/api/go/examples/basic/main.go:78.36,80.3 1 0
github.com/visionik/vAgenda/api/go/examples/basic/main.go:81.2,86.44 4 0
github.com/visionik/vAgenda/api/go/examples/basic/main.go:86.44,88.3 1 0
github.com/visionik/vAgenda/api/go/examples/basic/main.go:88.8,90.3 1 0
github.com/visionik/vAgenda/api/go/examples/basic/main.go:92.2,92.44 1 0
github.com/visionik/vAgenda/api/go/examples/basic/main.go:92.44,94.3 1 0
github.com/visionik/vAgenda/api/go/examples/basic/main.go:94.8,96.3 1 0
github.com/visionik/vAgenda/api/go/pkg/convert/converter.go:34.31,36.2 1 1
github.com/visionik/vAgenda/api/go/pkg/convert/converter.go:39.80,40.16 1 1
github.com/visionik/vAgenda/api/go/pkg/convert/converter.go:41.18,42.27 1 1
github.com/visionik/vAgenda/api/go/pkg/convert/converter.go:43.18,44.27 1 1
github.com/visionik/vAgenda/api/go/pkg/convert/converter.go:45.10,46.27 1 1
github.com/visionik/vAgenda/api/go/pkg/convert/converter.go:51.85,53.16 2 1
github.com/visionik/vAgenda/api/go/pkg/convert/converter.go:53.16,55.3 1 0
github.com/visionik/vAgenda/api/go/pkg/convert/converter.go:56.2,57.12 2 1
github.com/visionik/vAgenda/api/go/pkg/convert/converter.go:61.49,63.2 1 1
github.com/visionik/vAgenda/api/go/pkg/convert/converter.go:66.78,68.2 1 1
github.com/visionik/vAgenda/api/go/pkg/convert/converter.go:71.49,73.2 1 1
github.com/visionik/vAgenda/api/go/pkg/convert/converter.go:76.78,78.2 1 1
github.com/visionik/vAgenda/api/go/pkg/validator/validator.go:17.41,19.2 1 1
github.com/visionik/vAgenda/api/go/pkg/validator/validator.go:25.42,26.17 1 1
github.com/visionik/vAgenda/api/go/pkg/validator/validator.go:26.17,28.3 1 1
github.com/visionik/vAgenda/api/go/pkg/validator/validator.go:29.2,30.24 2 1
github.com/visionik/vAgenda/api/go/pkg/validator/validator.go:30.24,32.3 1 1
github.com/visionik/vAgenda/api/go/pkg/validator/validator.go:33.2,33.15 1 1
github.com/visionik/vAgenda/api/go/pkg/validator/validator.go:48.31,50.2 1 1
github.com/visionik/vAgenda/api/go/pkg/validator/validator.go:53.56,57.28 2 1
github.com/visionik/vAgenda/api/go/pkg/validator/validator.go:57.28,62.3 1 1
github.com/visionik/vAgenda/api/go/pkg/validator/validator.go:65.2,65.44 1 1
github.com/visionik/vAgenda/api/go/pkg/validator/validator.go:65.44,70.3 1 1
github.com/visionik/vAgenda/api/go/pkg/validator/validator.go:72.2,72.44 1 1
github.com/visionik/vAgenda/api/go/pkg/validator/validator.go:72.44,77.3 1 1
github.com/visionik/vAgenda/api/go/pkg/validator/validator.go:80.2,80.25 1 1
github.com/visionik/vAgenda/api/go/pkg/validator/validator.go:80.25,81.62 1 1
github.com/visionik/vAgenda/api/go/pkg/validator/validator.go:81.62,83.4 1 1
github.com/visionik/vAgenda/api/go/pkg/validator/validator.go:87.2,87.21 1 1
github.com/visionik/vAgenda/api/go/pkg/validator/validator.go:87.21,88.54 1 1
github.com/visionik/vAgenda/api/go/pkg/validator/validator.go:88.54,90.4 1 1
github.com/visionik/vAgenda/api/go/pkg/validator/validator.go:93.2,93.21 1 1
github.com/visionik/vAgenda/api/go/pkg/validator/validator.go:93.21,95.3 1 1
github.com/visionik/vAgenda/api/go/pkg/validator/validator.go:97.2,97.12 1 1
github.com/visionik/vAgenda/api/go/pkg/validator/validator.go:101.60,103.2 1 1
github.com/visionik/vAgenda/api/go/pkg/validator/validator.go:105.76,108.34 2 1
github.com/visionik/vAgenda/api/go/pkg/validator/validator.go:108.34,109.57 1 1
github.com/visionik/vAgenda/api/go/pkg/validator/validator.go:109.57,111.4 1 1
github.com/visionik/vAgenda/api/go/pkg/validator/validator.go:114.2,114.15 1 1
github.com/visionik/vAgenda/api/go/pkg/validator/validator.go:117.86,121.22 3 1
github.com/visionik/vAgenda/api/go/pkg/validator/validator.go:121.22,126.3 1 1
github.com/visionik/vAgenda/api/go/pkg/validator/validator.go:128.2,128.28 1 1
github.com/visionik/vAgenda/api/go/pkg/validator/validator.go:128.28,133.3 1 1
github.com/visionik/vAgenda/api/go/pkg/validator/validator.go:135.2,135.15 1 1
github.com/visionik/vAgenda/api/go/pkg/validator/validator.go:138.68,141.22 2 1
github.com/visionik/vAgenda/api/go/pkg/validator/validator.go:141.22,146.3 1 1
github.com/visionik/vAgenda/api/go/pkg/validator/validator.go:148.2,148.28 1 1
github.com/visionik/vAgenda/api/go/pkg/validator/validator.go:148.28,153.3 1 1
github.com/visionik/vAgenda/api/go/pkg/validator/validator.go:156.2,156.47 1 1
github.com/visionik/vAgenda/api/go/pkg/validator/validator.go:156.47,161.3 1 1
github.com/visionik/vAgenda/api/go/pkg/validator/validator.go:164.2,164.46 1 1
github.com/visionik/vAgenda/api/go/pkg/validator/validator.go:164.46,165.28 1 1
github.com/visionik/vAgenda/api/go/pkg/validator/validator.go:165.28,170.4 1 1
github.com/visionik/vAgenda/api/go/pkg/validator/validator.go:171.3,171.30 1 1
github.com/visionik/vAgenda/api/go/pkg/validator/validator.go:171.30,176.4 1 1
github.com/visionik/vAgenda/api/go/pkg/validator/validator.go:180.2,180.36 1 1
github.com/visionik/vAgenda/api/go/pkg/validator/validator.go:180.36,181.55 1 1
github.com/visionik/vAgenda/api/go/pkg/validator/validator.go:181.55,183.4 1 1
github.com/visionik/vAgenda/api/go/pkg/validator/validator.go:186.2,186.15 1 1
github.com/visionik/vAgenda/api/go/pkg/validator/validator.go:189.81,193.23 3 1
github.com/visionik/vAgenda/api/go/pkg/validator/validator.go:193.23,198.3 1 1
github.com/visionik/vAgenda/api/go/pkg/validator/validator.go:200.2,200.29 1 1
github.com/visionik/vAgenda/api/go/pkg/validator/validator.go:200.29,205.3 1 1
github.com/visionik/vAgenda/api/go/pkg/validator/validator.go:207.2,207.15 1 1
